<?xml version="1.0" encoding="UTF-8"?>
<testng-results ignored="0" total="2" passed="2" failed="0" skipped="0">
  <reporter-output>
    <line>
      <![CDATA[from demoootest]]>
    </line>
    <line>
      <![CDATA[from demoootest]]>
    </line>
  </reporter-output>
  <suite started-at="2020-06-27T04:48:44Z" name="Suite" finished-at="2020-06-27T04:48:54Z" duration-ms="9760">
    <groups>
    </groups>
    <test started-at="2020-06-27T04:48:44Z" name="Test" finished-at="2020-06-27T04:48:54Z" duration-ms="9760">
      <class name="tests.DemoTest">
        <test-method is-config="true" signature="openBrowser_02(java.lang.String)[pri:0, instance:tests.DemoTest@64d2d351]" started-at="2020-06-27T04:48:44Z" name="openBrowser_02" finished-at="2020-06-27T04:48:48Z" duration-ms="4208" status="PASS">
          <params>
            <param index="0">
              <value>
                <![CDATA[chrome]]>
              </value>
            </param>
          </params>
          <reporter-output>
          </reporter-output>
        </test-method> <!-- openBrowser_02 -->
        <test-method signature="Demo_test_01()[pri:0, instance:tests.DemoTest@64d2d351]" started-at="2020-06-27T04:48:48Z" name="Demo_test_01" finished-at="2020-06-27T04:48:52Z" duration-ms="3816" status="PASS">
          <reporter-output>
            <line>
              <![CDATA[from demoootest]]>
            </line>
            <line>
              <![CDATA[from demoootest]]>
            </line>
          </reporter-output>
        </test-method> <!-- Demo_test_01 -->
        <test-method signature="openApplication_03()[pri:0, instance:tests.DemoTest@64d2d351]" started-at="2020-06-27T04:48:52Z" name="openApplication_03" finished-at="2020-06-27T04:48:54Z" duration-ms="1708" status="PASS">
          <reporter-output>
          </reporter-output>
        </test-method> <!-- openApplication_03 -->
      </class> <!-- tests.DemoTest -->
    </test> <!-- Test -->
  </suite> <!-- Suite -->
</testng-results>
