<?xml version="1.0" encoding="UTF-8"?>
<testng-results ignored="0" total="2" passed="2" failed="0" skipped="0">
  <reporter-output>
    <line>
      <![CDATA[from demotest]]>
    </line>
  </reporter-output>
  <suite started-at="2020-08-06T14:52:29Z" name="Suite" finished-at="2020-08-06T14:52:52Z" duration-ms="23241">
    <groups>
    </groups>
    <test started-at="2020-08-06T14:52:29Z" name="Test" finished-at="2020-08-06T14:52:52Z" duration-ms="23241">
      <class name="tests.DemoTest">
        <test-method is-config="true" signature="openBrowser_02(java.lang.String)[pri:0, instance:tests.DemoTest@1b68b9a4]" started-at="2020-08-06T14:52:29Z" name="openBrowser_02" finished-at="2020-08-06T14:52:40Z" duration-ms="11122" status="PASS">
          <params>
            <param index="0">
              <value>
                <![CDATA[chrome]]>
              </value>
            </param>
          </params>
          <reporter-output>
          </reporter-output>
        </test-method> <!-- openBrowser_02 -->
        <test-method signature="Demo_test_01()[pri:0, instance:tests.DemoTest@1b68b9a4]" started-at="2020-08-06T14:52:40Z" name="Demo_test_01" finished-at="2020-08-06T14:52:45Z" duration-ms="4153" status="PASS">
          <reporter-output>
            <line>
              <![CDATA[from demotest]]>
            </line>
          </reporter-output>
        </test-method> <!-- Demo_test_01 -->
        <test-method signature="openApplication_03()[pri:0, instance:tests.DemoTest@1b68b9a4]" started-at="2020-08-06T14:52:45Z" name="openApplication_03" finished-at="2020-08-06T14:52:52Z" duration-ms="7929" status="PASS">
          <reporter-output>
          </reporter-output>
        </test-method> <!-- openApplication_03 -->
      </class> <!-- tests.DemoTest -->
    </test> <!-- Test -->
  </suite> <!-- Suite -->
</testng-results>
